c:\users\michael.walczyk\desktop\cinder\apps\charcoal\vc2013\debug\vc140.pdb
c:\users\michael.walczyk\desktop\cinder\apps\charcoal\vc2013\debug\vc140.idb
c:\users\michael.walczyk\desktop\cinder\apps\charcoal\vc2013\debug\charcoalapp.obj
c:\users\michael.walczyk\desktop\cinder\apps\charcoal\vc2013\debug\resources.res
c:\users\michael.walczyk\desktop\cinder\apps\charcoal\vc2013\debug\charcoal.pdb
c:\users\michael.walczyk\desktop\cinder\apps\charcoal\vc2013\debug\charcoal.tlog\cl.command.1.tlog
c:\users\michael.walczyk\desktop\cinder\apps\charcoal\vc2013\debug\charcoal.tlog\cl.read.1.tlog
c:\users\michael.walczyk\desktop\cinder\apps\charcoal\vc2013\debug\charcoal.tlog\cl.write.1.tlog
c:\users\michael.walczyk\desktop\cinder\apps\charcoal\vc2013\debug\charcoal.tlog\link.4220-cvtres.read.1.tlog
c:\users\michael.walczyk\desktop\cinder\apps\charcoal\vc2013\debug\charcoal.tlog\link.4220-cvtres.write.1.tlog
c:\users\michael.walczyk\desktop\cinder\apps\charcoal\vc2013\debug\charcoal.tlog\link.4220-rc.read.1.tlog
c:\users\michael.walczyk\desktop\cinder\apps\charcoal\vc2013\debug\charcoal.tlog\link.4220-rc.write.1.tlog
c:\users\michael.walczyk\desktop\cinder\apps\charcoal\vc2013\debug\charcoal.tlog\link.4220.read.1.tlog
c:\users\michael.walczyk\desktop\cinder\apps\charcoal\vc2013\debug\charcoal.tlog\link.4220.write.1.tlog
c:\users\michael.walczyk\desktop\cinder\apps\charcoal\vc2013\debug\charcoal.tlog\link.command.1.tlog
c:\users\michael.walczyk\desktop\cinder\apps\charcoal\vc2013\debug\charcoal.tlog\link.read.1.tlog
c:\users\michael.walczyk\desktop\cinder\apps\charcoal\vc2013\debug\charcoal.tlog\link.write.1.tlog
c:\users\michael.walczyk\desktop\cinder\apps\charcoal\vc2013\debug\charcoal.tlog\rc.command.1.tlog
c:\users\michael.walczyk\desktop\cinder\apps\charcoal\vc2013\debug\charcoal.tlog\rc.read.1.tlog
c:\users\michael.walczyk\desktop\cinder\apps\charcoal\vc2013\debug\charcoal.tlog\rc.write.1.tlog
